{"C:\\Users\\heyya\\OneDrive\\Desktop\\test\\scrollbar\\src\\polyfills.ts": {"path":"C:\\Users\\heyya\\OneDrive\\Desktop\\test\\scrollbar\\src\\polyfills.ts","statementMap":{"0":{"start":{"line":7,"column":0},"end":{"line":7,"column":16}},"1":{"start":{"line":50,"column":0},"end":{"line":50,"column":16}},"2":{"start":{"line":8,"column":2},"end":{"line":18,"column":3}},"3":{"start":{"line":11,"column":4},"end":{"line":17,"column":9}},"4":{"start":{"line":11,"column":4},"end":{"line":11,"column":null}},"5":{"start":{"line":13,"column":8},"end":{"line":13,"column":47}},"6":{"start":{"line":16,"column":8},"end":{"line":16,"column":70}},"7":{"start":{"line":22,"column":37},"end":{"line":45,"column":1}},"8":{"start":{"line":23,"column":25},"end":{"line":23,"column":30}},"9":{"start":{"line":25,"column":2},"end":{"line":42,"column":3}},"10":{"start":{"line":26,"column":20},"end":{"line":31,"column":6}},"11":{"start":{"line":28,"column":8},"end":{"line":28,"column":32}},"12":{"start":{"line":29,"column":8},"end":{"line":29,"column":20}},"13":{"start":{"line":34,"column":4},"end":{"line":34,"column":79}},"14":{"start":{"line":35,"column":4},"end":{"line":39,"column":6}},"15":{"start":{"line":41,"column":4},"end":{"line":41,"column":29}},"16":{"start":{"line":44,"column":2},"end":{"line":44,"column":26}},"17":{"start":{"line":22,"column":13},"end":{"line":22,"column":37}},"18":{"start":{"line":51,"column":2},"end":{"line":51,"column":32}},"19":{"start":{"line":54,"column":0},"end":{"line":54,"column":30}}},"fnMap":{"0":{"name":"setupResizeObserverPolyfill","decl":{"start":{"line":7,"column":16},"end":{"line":7,"column":43}},"loc":{"start":{"line":7,"column":43},"end":{"line":19,"column":1}}},"1":{"name":"(anonymous_10)","decl":{"start":{"line":11,"column":4},"end":{"line":11,"column":11}},"loc":{"start":{"line":11,"column":4},"end":{"line":11,"column":null}}},"2":{"name":"(anonymous_11)","decl":{"start":{"line":12,"column":12},"end":{"line":12,"column":13}},"loc":{"start":{"line":12,"column":19},"end":{"line":14,"column":7}}},"3":{"name":"(anonymous_12)","decl":{"start":{"line":15,"column":13},"end":{"line":15,"column":14}},"loc":{"start":{"line":15,"column":17},"end":{"line":17,"column":7}}},"4":{"name":"(anonymous_13)","decl":{"start":{"line":22,"column":37},"end":{"line":22,"column":null}},"loc":{"start":{"line":22,"column":37},"end":{"line":45,"column":1}}},"5":{"name":"(anonymous_14)","decl":{"start":{"line":27,"column":6},"end":{"line":27,"column":10}},"loc":{"start":{"line":27,"column":17},"end":{"line":30,"column":7}}},"6":{"name":"(anonymous_15)","decl":{"start":{"line":34,"column":36},"end":{"line":34,"column":43}},"loc":{"start":{"line":34,"column":36},"end":{"line":34,"column":44}}},"7":{"name":"(anonymous_16)","decl":{"start":{"line":37,"column":6},"end":{"line":37,"column":13}},"loc":{"start":{"line":37,"column":6},"end":{"line":37,"column":14}}},"8":{"name":"setupPolyfills","decl":{"start":{"line":50,"column":16},"end":{"line":50,"column":30}},"loc":{"start":{"line":50,"column":30},"end":{"line":52,"column":1}}}},"branchMap":{"0":{"loc":{"start":{"line":8,"column":2},"end":{"line":18,"column":3}},"type":"if","locations":[{"start":{"line":8,"column":2},"end":{"line":18,"column":3}},{"start":{},"end":{}}]},"1":{"loc":{"start":{"line":8,"column":6},"end":{"line":8,"column":61}},"type":"binary-expr","locations":[{"start":{"line":8,"column":6},"end":{"line":8,"column":35}},{"start":{"line":8,"column":39},"end":{"line":8,"column":61}}]}},"s":{"0":0,"1":0,"2":0,"3":0,"4":0,"5":0,"6":0,"7":0,"8":0,"9":0,"10":0,"11":0,"12":0,"13":0,"14":0,"15":0,"16":0,"17":0,"18":0,"19":0},"f":{"0":0,"1":0,"2":0,"3":0,"4":0,"5":0,"6":0,"7":0,"8":0},"b":{"0":[0,0],"1":[0,0]}}
,"C:\\Users\\heyya\\OneDrive\\Desktop\\test\\scrollbar\\src\\utils.ts": {"path":"C:\\Users\\heyya\\OneDrive\\Desktop\\test\\scrollbar\\src\\utils.ts","statementMap":{"0":{"start":{"line":4,"column":0},"end":{"line":4,"column":16}},"1":{"start":{"line":29,"column":0},"end":{"line":29,"column":16}},"2":{"start":{"line":73,"column":0},"end":{"line":73,"column":16}},"3":{"start":{"line":90,"column":0},"end":{"line":90,"column":16}},"4":{"start":{"line":12,"column":6},"end":{"line":12,"column":14}},"5":{"start":{"line":14,"column":2},"end":{"line":23,"column":4}},"6":{"start":{"line":30,"column":2},"end":{"line":30,"column":29}},"7":{"start":{"line":30,"column":16},"end":{"line":30,"column":29}},"8":{"start":{"line":31,"column":2},"end":{"line":35,"column":4}},"9":{"start":{"line":41,"column":33},"end":{"line":68,"column":1}},"10":{"start":{"line":42,"column":25},"end":{"line":42,"column":30}},"11":{"start":{"line":44,"column":2},"end":{"line":65,"column":3}},"12":{"start":{"line":45,"column":20},"end":{"line":50,"column":6}},"13":{"start":{"line":47,"column":8},"end":{"line":47,"column":32}},"14":{"start":{"line":48,"column":8},"end":{"line":48,"column":20}},"15":{"start":{"line":53,"column":4},"end":{"line":57,"column":6}},"16":{"start":{"line":58,"column":4},"end":{"line":62,"column":6}},"17":{"start":{"line":64,"column":4},"end":{"line":64,"column":29}},"18":{"start":{"line":67,"column":2},"end":{"line":67,"column":54}},"19":{"start":{"line":41,"column":13},"end":{"line":41,"column":33}},"20":{"start":{"line":74,"column":14},"end":{"line":74,"column":null}},"21":{"start":{"line":75,"column":11},"end":{"line":75,"column":null}},"22":{"start":{"line":76,"column":13},"end":{"line":76,"column":null}},"23":{"start":{"line":82,"column":16},"end":{"line":82,"column":39}},"24":{"start":{"line":83,"column":20},"end":{"line":83,"column":61}},"25":{"start":{"line":84,"column":2},"end":{"line":84,"column":19}},"26":{"start":{"line":91,"column":11},"end":{"line":91,"column":null}},"27":{"start":{"line":92,"column":11},"end":{"line":92,"column":null}},"28":{"start":{"line":93,"column":13},"end":{"line":93,"column":null}},"29":{"start":{"line":94,"column":16},"end":{"line":94,"column":null}},"30":{"start":{"line":101,"column":28},"end":{"line":101,"column":51}},"31":{"start":{"line":104,"column":2},"end":{"line":106,"column":3}},"32":{"start":{"line":105,"column":4},"end":{"line":105,"column":13}},"33":{"start":{"line":108,"column":27},"end":{"line":108,"column":48}},"34":{"start":{"line":109,"column":16},"end":{"line":109,"column":52}},"35":{"start":{"line":110,"column":2},"end":{"line":110,"column":32}}},"fnMap":{"0":{"name":"getScrollValues","decl":{"start":{"line":4,"column":16},"end":{"line":4,"column":31}},"loc":{"start":{"line":4,"column":52},"end":{"line":24,"column":1}}},"1":{"name":"isDOMElement","decl":{"start":{"line":29,"column":16},"end":{"line":29,"column":28}},"loc":{"start":{"line":29,"column":41},"end":{"line":36,"column":1}}},"2":{"name":"(anonymous_2)","decl":{"start":{"line":41,"column":33},"end":{"line":41,"column":null}},"loc":{"start":{"line":41,"column":33},"end":{"line":68,"column":1}}},"3":{"name":"(anonymous_3)","decl":{"start":{"line":46,"column":6},"end":{"line":46,"column":10}},"loc":{"start":{"line":46,"column":17},"end":{"line":49,"column":7}}},"4":{"name":"(anonymous_4)","decl":{"start":{"line":55,"column":6},"end":{"line":55,"column":13}},"loc":{"start":{"line":55,"column":6},"end":{"line":55,"column":14}}},"5":{"name":"(anonymous_5)","decl":{"start":{"line":60,"column":6},"end":{"line":60,"column":13}},"loc":{"start":{"line":60,"column":6},"end":{"line":60,"column":14}}},"6":{"name":"getThumbSize","decl":{"start":{"line":73,"column":16},"end":{"line":73,"column":28}},"loc":{"start":{"line":81,"column":1},"end":{"line":85,"column":1}}},"7":{"name":"getThumbPosition","decl":{"start":{"line":90,"column":16},"end":{"line":90,"column":32}},"loc":{"start":{"line":100,"column":1},"end":{"line":111,"column":1}}}},"branchMap":{"0":{"loc":{"start":{"line":15,"column":10},"end":{"line":15,"column":55}},"type":"binary-expr","locations":[{"start":{"line":15,"column":10},"end":{"line":15,"column":50}},{"start":{"line":15,"column":54},"end":{"line":15,"column":55}}]},"1":{"loc":{"start":{"line":16,"column":9},"end":{"line":16,"column":55}},"type":"binary-expr","locations":[{"start":{"line":16,"column":9},"end":{"line":16,"column":50}},{"start":{"line":16,"column":54},"end":{"line":16,"column":55}}]},"2":{"loc":{"start":{"line":30,"column":2},"end":{"line":30,"column":29}},"type":"if","locations":[{"start":{"line":30,"column":2},"end":{"line":30,"column":29}},{"start":{},"end":{}}]},"3":{"loc":{"start":{"line":32,"column":4},"end":{"line":34,"column":37}},"type":"binary-expr","locations":[{"start":{"line":32,"column":4},"end":{"line":32,"column":31}},{"start":{"line":33,"column":4},"end":{"line":33,"column":26}},{"start":{"line":34,"column":4},"end":{"line":34,"column":37}}]},"4":{"loc":{"start":{"line":67,"column":9},"end":{"line":67,"column":53}},"type":"cond-expr","locations":[{"start":{"line":67,"column":28},"end":{"line":67,"column":45}},{"start":{"line":67,"column":48},"end":{"line":67,"column":53}}]},"5":{"loc":{"start":{"line":104,"column":2},"end":{"line":106,"column":3}},"type":"if","locations":[{"start":{"line":104,"column":2},"end":{"line":106,"column":3}},{"start":{},"end":{}}]}},"s":{"0":2,"1":2,"2":2,"3":2,"4":72,"5":12,"6":5,"7":1,"8":4,"9":2,"10":0,"11":0,"12":0,"13":0,"14":0,"15":0,"16":0,"17":0,"18":0,"19":2,"20":2,"21":2,"22":2,"23":2,"24":2,"25":2,"26":2,"27":2,"28":2,"29":2,"30":2,"31":2,"32":1,"33":1,"34":1,"35":1},"f":{"0":12,"1":5,"2":0,"3":0,"4":0,"5":0,"6":2,"7":2},"b":{"0":[12,11],"1":[12,11],"2":[1,4],"3":[4,2,1],"4":[0,0],"5":[1,1]}}
,"C:\\Users\\heyya\\OneDrive\\Desktop\\test\\scrollbar\\src\\components\\Scrollbar.tsx": {"path":"C:\\Users\\heyya\\OneDrive\\Desktop\\test\\scrollbar\\src\\components\\Scrollbar.tsx","statementMap":{"0":{"start":{"line":1,"column":0},"end":{"line":1,"column":72}},"1":{"start":{"line":3,"column":0},"end":{"line":3,"column":null}},"2":{"start":{"line":12,"column":44},"end":{"line":17,"column":2}},"3":{"start":{"line":19,"column":39},"end":{"line":27,"column":2}},"4":{"start":{"line":29,"column":50},"end":{"line":36,"column":2}},"5":{"start":{"line":38,"column":48},"end":{"line":45,"column":2}},"6":{"start":{"line":47,"column":50},"end":{"line":53,"column":2}},"7":{"start":{"line":55,"column":48},"end":{"line":61,"column":2}},"8":{"start":{"line":64,"column":46},"end":{"line":77,"column":2}},"9":{"start":{"line":79,"column":44},"end":{"line":693,"column":1}},"10":{"start":{"line":81,"column":8},"end":{"line":107,"column":35}},"11":{"start":{"line":82,"column":17},"end":{"line":82,"column":null}},"12":{"start":{"line":83,"column":16},"end":{"line":83,"column":null}},"13":{"start":{"line":84,"column":12},"end":{"line":84,"column":null}},"14":{"start":{"line":85,"column":17},"end":{"line":85,"column":null}},"15":{"start":{"line":86,"column":12},"end":{"line":86,"column":null}},"16":{"start":{"line":87,"column":14},"end":{"line":87,"column":null}},"17":{"start":{"line":88,"column":25},"end":{"line":88,"column":null}},"18":{"start":{"line":89,"column":23},"end":{"line":89,"column":null}},"19":{"start":{"line":90,"column":25},"end":{"line":90,"column":null}},"20":{"start":{"line":91,"column":23},"end":{"line":91,"column":null}},"21":{"start":{"line":92,"column":12},"end":{"line":92,"column":null}},"22":{"start":{"line":93,"column":19},"end":{"line":93,"column":null}},"23":{"start":{"line":94,"column":20},"end":{"line":94,"column":null}},"24":{"start":{"line":95,"column":14},"end":{"line":95,"column":null}},"25":{"start":{"line":96,"column":17},"end":{"line":96,"column":null}},"26":{"start":{"line":97,"column":17},"end":{"line":97,"column":null}},"27":{"start":{"line":98,"column":16},"end":{"line":98,"column":null}},"28":{"start":{"line":99,"column":13},"end":{"line":99,"column":null}},"29":{"start":{"line":100,"column":13},"end":{"line":100,"column":null}},"30":{"start":{"line":101,"column":9},"end":{"line":101,"column":null}},"31":{"start":{"line":102,"column":27},"end":{"line":102,"column":null}},"32":{"start":{"line":103,"column":15},"end":{"line":103,"column":null}},"33":{"start":{"line":104,"column":13},"end":{"line":104,"column":null}},"34":{"start":{"line":105,"column":24},"end":{"line":105,"column":null}},"35":{"start":{"line":106,"column":12},"end":{"line":106,"column":null}},"36":{"start":{"line":110,"column":42},"end":{"line":119,"column":4}},"37":{"start":{"line":110,"column":21},"end":{"line":110,"column":23}},"38":{"start":{"line":110,"column":38},"end":{"line":110,"column":42}},"39":{"start":{"line":120,"column":38},"end":{"line":120,"column":53}},"40":{"start":{"line":120,"column":19},"end":{"line":120,"column":21}},"41":{"start":{"line":120,"column":34},"end":{"line":120,"column":38}},"42":{"start":{"line":121,"column":40},"end":{"line":121,"column":55}},"43":{"start":{"line":121,"column":20},"end":{"line":121,"column":22}},"44":{"start":{"line":121,"column":36},"end":{"line":121,"column":40}},"45":{"start":{"line":122,"column":50},"end":{"line":122,"column":65}},"46":{"start":{"line":122,"column":25},"end":{"line":122,"column":27}},"47":{"start":{"line":122,"column":46},"end":{"line":122,"column":50}},"48":{"start":{"line":123,"column":38},"end":{"line":123,"column":57}},"49":{"start":{"line":123,"column":19},"end":{"line":123,"column":21}},"50":{"start":{"line":123,"column":34},"end":{"line":123,"column":38}},"51":{"start":{"line":126,"column":23},"end":{"line":126,"column":51}},"52":{"start":{"line":127,"column":18},"end":{"line":127,"column":46}},"53":{"start":{"line":128,"column":29},"end":{"line":128,"column":57}},"54":{"start":{"line":129,"column":27},"end":{"line":129,"column":55}},"55":{"start":{"line":130,"column":29},"end":{"line":130,"column":57}},"56":{"start":{"line":131,"column":27},"end":{"line":131,"column":55}},"57":{"start":{"line":132,"column":23},"end":{"line":132,"column":45}},"58":{"start":{"line":133,"column":27},"end":{"line":133,"column":62}},"59":{"start":{"line":134,"column":31},"end":{"line":134,"column":66}},"60":{"start":{"line":135,"column":23},"end":{"line":140,"column":17}},"61":{"start":{"line":144,"column":4},"end":{"line":144,"column":55}},"62":{"start":{"line":146,"column":4},"end":{"line":146,"column":57}},"63":{"start":{"line":147,"column":30},"end":{"line":147,"column":76}},"64":{"start":{"line":148,"column":28},"end":{"line":148,"column":72}},"65":{"start":{"line":151,"column":23},"end":{"line":160,"column":16}},"66":{"start":{"line":152,"column":4},"end":{"line":152,"column":33}},"67":{"start":{"line":152,"column":26},"end":{"line":152,"column":33}},"68":{"start":{"line":154,"column":19},"end":{"line":154,"column":51}},"69":{"start":{"line":155,"column":4},"end":{"line":155,"column":28}},"70":{"start":{"line":157,"column":4},"end":{"line":159,"column":5}},"71":{"start":{"line":158,"column":6},"end":{"line":158,"column":23}},"72":{"start":{"line":163,"column":23},"end":{"line":199,"column":60}},"73":{"start":{"line":164,"column":4},"end":{"line":164,"column":33}},"74":{"start":{"line":164,"column":26},"end":{"line":164,"column":33}},"75":{"start":{"line":166,"column":19},"end":{"line":166,"column":51}},"76":{"start":{"line":167,"column":4},"end":{"line":167,"column":28}},"77":{"start":{"line":169,"column":4},"end":{"line":171,"column":5}},"78":{"start":{"line":170,"column":6},"end":{"line":170,"column":23}},"79":{"start":{"line":174,"column":4},"end":{"line":180,"column":5}},"80":{"start":{"line":175,"column":6},"end":{"line":175,"column":34}},"81":{"start":{"line":176,"column":6},"end":{"line":176,"column":27}},"82":{"start":{"line":177,"column":6},"end":{"line":179,"column":7}},"83":{"start":{"line":178,"column":8},"end":{"line":178,"column":24}},"84":{"start":{"line":183,"column":4},"end":{"line":185,"column":5}},"85":{"start":{"line":184,"column":6},"end":{"line":184,"column":28}},"86":{"start":{"line":188,"column":4},"end":{"line":190,"column":5}},"87":{"start":{"line":189,"column":6},"end":{"line":189,"column":45}},"88":{"start":{"line":192,"column":4},"end":{"line":198,"column":12}},"89":{"start":{"line":193,"column":6},"end":{"line":193,"column":35}},"90":{"start":{"line":194,"column":6},"end":{"line":194,"column":28}},"91":{"start":{"line":195,"column":6},"end":{"line":197,"column":7}},"92":{"start":{"line":196,"column":8},"end":{"line":196,"column":23}},"93":{"start":{"line":202,"column":32},"end":{"line":205,"column":8}},"94":{"start":{"line":203,"column":4},"end":{"line":203,"column":30}},"95":{"start":{"line":204,"column":4},"end":{"line":204,"column":24}},"96":{"start":{"line":207,"column":32},"end":{"line":217,"column":58}},"97":{"start":{"line":208,"column":4},"end":{"line":208,"column":31}},"98":{"start":{"line":209,"column":4},"end":{"line":216,"column":5}},"99":{"start":{"line":210,"column":6},"end":{"line":212,"column":7}},"100":{"start":{"line":211,"column":8},"end":{"line":211,"column":51}},"101":{"start":{"line":213,"column":6},"end":{"line":215,"column":26}},"102":{"start":{"line":214,"column":8},"end":{"line":214,"column":29}},"103":{"start":{"line":220,"column":26},"end":{"line":243,"column":null}},"104":{"start":{"line":222,"column":6},"end":{"line":222,"column":29}},"105":{"start":{"line":223,"column":6},"end":{"line":223,"column":30}},"106":{"start":{"line":225,"column":6},"end":{"line":225,"column":35}},"107":{"start":{"line":225,"column":28},"end":{"line":225,"column":35}},"108":{"start":{"line":227,"column":35},"end":{"line":227,"column":41}},"109":{"start":{"line":228,"column":40},"end":{"line":228,"column":55}},"110":{"start":{"line":228,"column":24},"end":{"line":228,"column":26}},"111":{"start":{"line":228,"column":35},"end":{"line":228,"column":40}},"112":{"start":{"line":230,"column":6},"end":{"line":230,"column":26}},"113":{"start":{"line":231,"column":6},"end":{"line":236,"column":8}},"114":{"start":{"line":239,"column":6},"end":{"line":239,"column":57}},"115":{"start":{"line":240,"column":6},"end":{"line":240,"column":58}},"116":{"start":{"line":241,"column":6},"end":{"line":241,"column":46}},"117":{"start":{"line":246,"column":21},"end":{"line":275,"column":8}},"118":{"start":{"line":247,"column":4},"end":{"line":247,"column":58}},"119":{"start":{"line":247,"column":51},"end":{"line":247,"column":58}},"120":{"start":{"line":249,"column":33},"end":{"line":249,"column":39}},"121":{"start":{"line":250,"column":32},"end":{"line":250,"column":52}},"122":{"start":{"line":250,"column":13},"end":{"line":250,"column":15}},"123":{"start":{"line":250,"column":16},"end":{"line":250,"column":18}},"124":{"start":{"line":250,"column":22},"end":{"line":250,"column":24}},"125":{"start":{"line":250,"column":27},"end":{"line":250,"column":32}},"126":{"start":{"line":252,"column":6},"end":{"line":252,"column":21}},"127":{"start":{"line":251,"column":23},"end":{"line":251,"column":25}},"128":{"start":{"line":251,"column":37},"end":{"line":251,"column":39}},"129":{"start":{"line":251,"column":50},"end":{"line":251,"column":52}},"130":{"start":{"line":251,"column":64},"end":{"line":251,"column":null}},"131":{"start":{"line":255,"column":4},"end":{"line":263,"column":5}},"132":{"start":{"line":256,"column":21},"end":{"line":256,"column":32}},"133":{"start":{"line":257,"column":24},"end":{"line":257,"column":62}},"134":{"start":{"line":258,"column":24},"end":{"line":258,"column":68}},"135":{"start":{"line":259,"column":26},"end":{"line":259,"column":79}},"136":{"start":{"line":260,"column":28},"end":{"line":260,"column":55}},"137":{"start":{"line":262,"column":6},"end":{"line":262,"column":49}},"138":{"start":{"line":265,"column":4},"end":{"line":274,"column":5}},"139":{"start":{"line":266,"column":21},"end":{"line":266,"column":32}},"140":{"start":{"line":267,"column":24},"end":{"line":267,"column":61}},"141":{"start":{"line":268,"column":24},"end":{"line":268,"column":67}},"142":{"start":{"line":270,"column":8},"end":{"line":270,"column":63}},"143":{"start":{"line":271,"column":27},"end":{"line":271,"column":53}},"144":{"start":{"line":273,"column":6},"end":{"line":273,"column":47}},"145":{"start":{"line":277,"column":24},"end":{"line":295,"column":64}},"146":{"start":{"line":278,"column":4},"end":{"line":278,"column":25}},"147":{"start":{"line":279,"column":4},"end":{"line":279,"column":32}},"148":{"start":{"line":282,"column":4},"end":{"line":282,"column":58}},"149":{"start":{"line":283,"column":4},"end":{"line":283,"column":59}},"150":{"start":{"line":284,"column":4},"end":{"line":284,"column":36}},"151":{"start":{"line":287,"column":4},"end":{"line":294,"column":5}},"152":{"start":{"line":288,"column":6},"end":{"line":290,"column":7}},"153":{"start":{"line":289,"column":8},"end":{"line":289,"column":51}},"154":{"start":{"line":291,"column":6},"end":{"line":293,"column":26}},"155":{"start":{"line":292,"column":8},"end":{"line":292,"column":29}},"156":{"start":{"line":298,"column":27},"end":{"line":358,"column":null}},"157":{"start":{"line":300,"column":6},"end":{"line":300,"column":35}},"158":{"start":{"line":300,"column":28},"end":{"line":300,"column":35}},"159":{"start":{"line":302,"column":35},"end":{"line":302,"column":41}},"160":{"start":{"line":310,"column":10},"end":{"line":310,"column":25}},"161":{"start":{"line":304,"column":18},"end":{"line":304,"column":null}},"162":{"start":{"line":305,"column":17},"end":{"line":305,"column":null}},"163":{"start":{"line":306,"column":19},"end":{"line":306,"column":null}},"164":{"start":{"line":307,"column":20},"end":{"line":307,"column":null}},"165":{"start":{"line":308,"column":19},"end":{"line":308,"column":null}},"166":{"start":{"line":309,"column":20},"end":{"line":309,"column":null}},"167":{"start":{"line":312,"column":6},"end":{"line":333,"column":7}},"168":{"start":{"line":317,"column":25},"end":{"line":317,"column":76}},"169":{"start":{"line":318,"column":26},"end":{"line":318,"column":64}},"170":{"start":{"line":319,"column":30},"end":{"line":319,"column":44}},"171":{"start":{"line":320,"column":26},"end":{"line":320,"column":64}},"172":{"start":{"line":322,"column":10},"end":{"line":322,"column":63}},"173":{"start":{"line":323,"column":30},"end":{"line":328,"column":10}},"174":{"start":{"line":331,"column":30},"end":{"line":331,"column":75}},"175":{"start":{"line":332,"column":8},"end":{"line":332,"column":51}},"176":{"start":{"line":335,"column":6},"end":{"line":356,"column":7}},"177":{"start":{"line":340,"column":24},"end":{"line":340,"column":73}},"178":{"start":{"line":341,"column":26},"end":{"line":341,"column":63}},"179":{"start":{"line":342,"column":30},"end":{"line":342,"column":43}},"180":{"start":{"line":343,"column":26},"end":{"line":343,"column":63}},"181":{"start":{"line":345,"column":10},"end":{"line":345,"column":65}},"182":{"start":{"line":346,"column":30},"end":{"line":351,"column":10}},"183":{"start":{"line":354,"column":29},"end":{"line":354,"column":74}},"184":{"start":{"line":355,"column":8},"end":{"line":355,"column":49}},"185":{"start":{"line":362,"column":24},"end":{"line":422,"column":null}},"186":{"start":{"line":364,"column":6},"end":{"line":364,"column":51}},"187":{"start":{"line":364,"column":44},"end":{"line":364,"column":51}},"188":{"start":{"line":373,"column":10},"end":{"line":373,"column":25}},"189":{"start":{"line":367,"column":18},"end":{"line":367,"column":null}},"190":{"start":{"line":368,"column":17},"end":{"line":368,"column":null}},"191":{"start":{"line":369,"column":20},"end":{"line":369,"column":null}},"192":{"start":{"line":370,"column":19},"end":{"line":370,"column":null}},"193":{"start":{"line":371,"column":20},"end":{"line":371,"column":null}},"194":{"start":{"line":372,"column":19},"end":{"line":372,"column":null}},"195":{"start":{"line":374,"column":25},"end":{"line":374,"column":51}},"196":{"start":{"line":376,"column":6},"end":{"line":420,"column":7}},"197":{"start":{"line":378,"column":10},"end":{"line":378,"column":33}},"198":{"start":{"line":379,"column":10},"end":{"line":379,"column":74}},"199":{"start":{"line":380,"column":10},"end":{"line":380,"column":16}},"200":{"start":{"line":382,"column":10},"end":{"line":382,"column":33}},"201":{"start":{"line":383,"column":10},"end":{"line":386,"column":12}},"202":{"start":{"line":387,"column":10},"end":{"line":387,"column":16}},"203":{"start":{"line":389,"column":10},"end":{"line":389,"column":33}},"204":{"start":{"line":390,"column":10},"end":{"line":390,"column":76}},"205":{"start":{"line":391,"column":10},"end":{"line":391,"column":16}},"206":{"start":{"line":393,"column":10},"end":{"line":393,"column":33}},"207":{"start":{"line":394,"column":10},"end":{"line":397,"column":12}},"208":{"start":{"line":398,"column":10},"end":{"line":398,"column":16}},"209":{"start":{"line":400,"column":10},"end":{"line":400,"column":33}},"210":{"start":{"line":401,"column":10},"end":{"line":401,"column":40}},"211":{"start":{"line":402,"column":10},"end":{"line":402,"column":16}},"212":{"start":{"line":404,"column":10},"end":{"line":404,"column":33}},"213":{"start":{"line":405,"column":10},"end":{"line":405,"column":66}},"214":{"start":{"line":406,"column":10},"end":{"line":406,"column":16}},"215":{"start":{"line":408,"column":10},"end":{"line":408,"column":33}},"216":{"start":{"line":409,"column":10},"end":{"line":409,"column":76}},"217":{"start":{"line":410,"column":10},"end":{"line":410,"column":16}},"218":{"start":{"line":412,"column":10},"end":{"line":412,"column":33}},"219":{"start":{"line":413,"column":10},"end":{"line":416,"column":12}},"220":{"start":{"line":417,"column":10},"end":{"line":417,"column":16}},"221":{"start":{"line":419,"column":10},"end":{"line":419,"column":17}},"222":{"start":{"line":426,"column":2},"end":{"line":463,"column":48}},"223":{"start":{"line":428,"column":4},"end":{"line":428,"column":19}},"224":{"start":{"line":431,"column":27},"end":{"line":433,"column":6}},"225":{"start":{"line":432,"column":6},"end":{"line":432,"column":21}},"226":{"start":{"line":435,"column":4},"end":{"line":437,"column":5}},"227":{"start":{"line":436,"column":6},"end":{"line":436,"column":51}},"228":{"start":{"line":439,"column":4},"end":{"line":441,"column":5}},"229":{"start":{"line":440,"column":6},"end":{"line":440,"column":46}},"230":{"start":{"line":444,"column":4},"end":{"line":446,"column":5}},"231":{"start":{"line":445,"column":6},"end":{"line":445,"column":40}},"232":{"start":{"line":449,"column":4},"end":{"line":462,"column":6}},"233":{"start":{"line":450,"column":6},"end":{"line":452,"column":7}},"234":{"start":{"line":451,"column":8},"end":{"line":451,"column":47}},"235":{"start":{"line":454,"column":6},"end":{"line":456,"column":7}},"236":{"start":{"line":455,"column":8},"end":{"line":455,"column":51}},"237":{"start":{"line":458,"column":6},"end":{"line":458,"column":34}},"238":{"start":{"line":460,"column":6},"end":{"line":460,"column":60}},"239":{"start":{"line":461,"column":6},"end":{"line":461,"column":61}},"240":{"start":{"line":466,"column":23},"end":{"line":479,"column":null}},"241":{"start":{"line":483,"column":4},"end":{"line":489,"column":9}},"242":{"start":{"line":492,"column":4},"end":{"line":499,"column":9}},"243":{"start":{"line":502,"column":4},"end":{"line":508,"column":9}},"244":{"start":{"line":511,"column":4},"end":{"line":518,"column":9}},"245":{"start":{"line":521,"column":26},"end":{"line":521,"column":53}},"246":{"start":{"line":522,"column":37},"end":{"line":524,"column":26}},"247":{"start":{"line":525,"column":35},"end":{"line":527,"column":24}},"248":{"start":{"line":528,"column":37},"end":{"line":530,"column":26}},"249":{"start":{"line":531,"column":35},"end":{"line":533,"column":24}},"250":{"start":{"line":536,"column":31},"end":{"line":541,"column":8}},"251":{"start":{"line":543,"column":41},"end":{"line":545,"column":25}},"252":{"start":{"line":546,"column":39},"end":{"line":548,"column":25}},"253":{"start":{"line":551,"column":2},"end":{"line":692,"column":4}},"254":{"start":{"line":591,"column":44},"end":{"line":591,"column":null}},"255":{"start":{"line":603,"column":26},"end":{"line":603,"column":null}},"256":{"start":{"line":620,"column":52},"end":{"line":620,"column":null}},"257":{"start":{"line":630,"column":34},"end":{"line":630,"column":null}},"258":{"start":{"line":647,"column":44},"end":{"line":647,"column":null}},"259":{"start":{"line":659,"column":26},"end":{"line":659,"column":null}},"260":{"start":{"line":676,"column":52},"end":{"line":676,"column":null}},"261":{"start":{"line":686,"column":34},"end":{"line":686,"column":null}},"262":{"start":{"line":695,"column":0},"end":{"line":695,"column":25}}},"fnMap":{"0":{"name":"(anonymous_11)","decl":{"start":{"line":79,"column":44},"end":{"line":79,"column":45}},"loc":{"start":{"line":79,"column":50},"end":{"line":693,"column":1}}},"1":{"name":"(anonymous_12)","decl":{"start":{"line":151,"column":35},"end":{"line":151,"column":null}},"loc":{"start":{"line":151,"column":35},"end":{"line":160,"column":3}}},"2":{"name":"(anonymous_13)","decl":{"start":{"line":163,"column":35},"end":{"line":163,"column":null}},"loc":{"start":{"line":163,"column":35},"end":{"line":199,"column":3}}},"3":{"name":"(anonymous_14)","decl":{"start":{"line":192,"column":42},"end":{"line":192,"column":null}},"loc":{"start":{"line":192,"column":42},"end":{"line":198,"column":5}}},"4":{"name":"(anonymous_15)","decl":{"start":{"line":202,"column":44},"end":{"line":202,"column":null}},"loc":{"start":{"line":202,"column":44},"end":{"line":205,"column":3}}},"5":{"name":"(anonymous_16)","decl":{"start":{"line":207,"column":44},"end":{"line":207,"column":null}},"loc":{"start":{"line":207,"column":44},"end":{"line":217,"column":3}}},"6":{"name":"(anonymous_17)","decl":{"start":{"line":213,"column":48},"end":{"line":213,"column":null}},"loc":{"start":{"line":213,"column":48},"end":{"line":215,"column":7}}},"7":{"name":"(anonymous_18)","decl":{"start":{"line":221,"column":4},"end":{"line":221,"column":5}},"loc":{"start":{"line":221,"column":58},"end":{"line":242,"column":5}}},"8":{"name":"(anonymous_19)","decl":{"start":{"line":246,"column":33},"end":{"line":246,"column":34}},"loc":{"start":{"line":246,"column":51},"end":{"line":275,"column":3}}},"9":{"name":"(anonymous_20)","decl":{"start":{"line":277,"column":36},"end":{"line":277,"column":null}},"loc":{"start":{"line":277,"column":36},"end":{"line":295,"column":3}}},"10":{"name":"(anonymous_21)","decl":{"start":{"line":291,"column":48},"end":{"line":291,"column":null}},"loc":{"start":{"line":291,"column":48},"end":{"line":293,"column":7}}},"11":{"name":"(anonymous_22)","decl":{"start":{"line":299,"column":4},"end":{"line":299,"column":5}},"loc":{"start":{"line":299,"column":45},"end":{"line":357,"column":5}}},"12":{"name":"(anonymous_23)","decl":{"start":{"line":363,"column":4},"end":{"line":363,"column":5}},"loc":{"start":{"line":363,"column":31},"end":{"line":421,"column":5}}},"13":{"name":"(anonymous_24)","decl":{"start":{"line":426,"column":12},"end":{"line":426,"column":null}},"loc":{"start":{"line":426,"column":12},"end":{"line":463,"column":3}}},"14":{"name":"(anonymous_25)","decl":{"start":{"line":431,"column":46},"end":{"line":431,"column":null}},"loc":{"start":{"line":431,"column":46},"end":{"line":433,"column":5}}},"15":{"name":"(anonymous_26)","decl":{"start":{"line":449,"column":11},"end":{"line":449,"column":null}},"loc":{"start":{"line":449,"column":11},"end":{"line":462,"column":5}}},"16":{"name":"(anonymous_27)","decl":{"start":{"line":591,"column":19},"end":{"line":591,"column":20}},"loc":{"start":{"line":591,"column":39},"end":{"line":591,"column":60}}},"17":{"name":"(anonymous_28)","decl":{"start":{"line":603,"column":19},"end":{"line":603,"column":20}},"loc":{"start":{"line":603,"column":21},"end":{"line":603,"column":42}}},"18":{"name":"(anonymous_29)","decl":{"start":{"line":620,"column":27},"end":{"line":620,"column":28}},"loc":{"start":{"line":620,"column":47},"end":{"line":620,"column":67}}},"19":{"name":"(anonymous_30)","decl":{"start":{"line":630,"column":27},"end":{"line":630,"column":28}},"loc":{"start":{"line":630,"column":29},"end":{"line":630,"column":49}}},"20":{"name":"(anonymous_31)","decl":{"start":{"line":647,"column":19},"end":{"line":647,"column":20}},"loc":{"start":{"line":647,"column":39},"end":{"line":647,"column":60}}},"21":{"name":"(anonymous_32)","decl":{"start":{"line":659,"column":19},"end":{"line":659,"column":20}},"loc":{"start":{"line":659,"column":21},"end":{"line":659,"column":42}}},"22":{"name":"(anonymous_33)","decl":{"start":{"line":676,"column":27},"end":{"line":676,"column":28}},"loc":{"start":{"line":676,"column":47},"end":{"line":676,"column":67}}},"23":{"name":"(anonymous_34)","decl":{"start":{"line":686,"column":27},"end":{"line":686,"column":28}},"loc":{"start":{"line":686,"column":29},"end":{"line":686,"column":49}}}},"branchMap":{"0":{"loc":{"start":{"line":147,"column":30},"end":{"line":147,"column":76}},"type":"binary-expr","locations":[{"start":{"line":147,"column":30},"end":{"line":147,"column":54}},{"start":{"line":147,"column":58},"end":{"line":147,"column":76}}]},"1":{"loc":{"start":{"line":148,"column":28},"end":{"line":148,"column":72}},"type":"binary-expr","locations":[{"start":{"line":148,"column":28},"end":{"line":148,"column":52}},{"start":{"line":148,"column":56},"end":{"line":148,"column":72}}]},"2":{"loc":{"start":{"line":152,"column":4},"end":{"line":152,"column":33}},"type":"if","locations":[{"start":{"line":152,"column":4},"end":{"line":152,"column":33}},{"start":{},"end":{}}]},"3":{"loc":{"start":{"line":157,"column":4},"end":{"line":159,"column":5}},"type":"if","locations":[{"start":{"line":157,"column":4},"end":{"line":159,"column":5}},{"start":{},"end":{}}]},"4":{"loc":{"start":{"line":164,"column":4},"end":{"line":164,"column":33}},"type":"if","locations":[{"start":{"line":164,"column":4},"end":{"line":164,"column":33}},{"start":{},"end":{}}]},"5":{"loc":{"start":{"line":169,"column":4},"end":{"line":171,"column":5}},"type":"if","locations":[{"start":{"line":169,"column":4},"end":{"line":171,"column":5}},{"start":{},"end":{}}]},"6":{"loc":{"start":{"line":174,"column":4},"end":{"line":180,"column":5}},"type":"if","locations":[{"start":{"line":174,"column":4},"end":{"line":180,"column":5}},{"start":{},"end":{}}]},"7":{"loc":{"start":{"line":177,"column":6},"end":{"line":179,"column":7}},"type":"if","locations":[{"start":{"line":177,"column":6},"end":{"line":179,"column":7}},{"start":{},"end":{}}]},"8":{"loc":{"start":{"line":183,"column":4},"end":{"line":185,"column":5}},"type":"if","locations":[{"start":{"line":183,"column":4},"end":{"line":185,"column":5}},{"start":{},"end":{}}]},"9":{"loc":{"start":{"line":188,"column":4},"end":{"line":190,"column":5}},"type":"if","locations":[{"start":{"line":188,"column":4},"end":{"line":190,"column":5}},{"start":{},"end":{}}]},"10":{"loc":{"start":{"line":195,"column":6},"end":{"line":197,"column":7}},"type":"if","locations":[{"start":{"line":195,"column":6},"end":{"line":197,"column":7}},{"start":{},"end":{}}]},"11":{"loc":{"start":{"line":209,"column":4},"end":{"line":216,"column":5}},"type":"if","locations":[{"start":{"line":209,"column":4},"end":{"line":216,"column":5}},{"start":{},"end":{}}]},"12":{"loc":{"start":{"line":209,"column":8},"end":{"line":209,"column":47}},"type":"binary-expr","locations":[{"start":{"line":209,"column":8},"end":{"line":209,"column":19}},{"start":{"line":209,"column":23},"end":{"line":209,"column":35}},{"start":{"line":209,"column":39},"end":{"line":209,"column":47}}]},"13":{"loc":{"start":{"line":210,"column":6},"end":{"line":212,"column":7}},"type":"if","locations":[{"start":{"line":210,"column":6},"end":{"line":212,"column":7}},{"start":{},"end":{}}]},"14":{"loc":{"start":{"line":225,"column":6},"end":{"line":225,"column":35}},"type":"if","locations":[{"start":{"line":225,"column":6},"end":{"line":225,"column":35}},{"start":{},"end":{}}]},"15":{"loc":{"start":{"line":247,"column":4},"end":{"line":247,"column":58}},"type":"if","locations":[{"start":{"line":247,"column":4},"end":{"line":247,"column":58}},{"start":{},"end":{}}]},"16":{"loc":{"start":{"line":247,"column":8},"end":{"line":247,"column":49}},"type":"binary-expr","locations":[{"start":{"line":247,"column":8},"end":{"line":247,"column":24}},{"start":{"line":247,"column":28},"end":{"line":247,"column":49}}]},"17":{"loc":{"start":{"line":255,"column":4},"end":{"line":263,"column":5}},"type":"if","locations":[{"start":{"line":255,"column":4},"end":{"line":263,"column":5}},{"start":{},"end":{}}]},"18":{"loc":{"start":{"line":255,"column":8},"end":{"line":255,"column":63}},"type":"binary-expr","locations":[{"start":{"line":255,"column":8},"end":{"line":255,"column":34}},{"start":{"line":255,"column":38},"end":{"line":255,"column":63}}]},"19":{"loc":{"start":{"line":258,"column":24},"end":{"line":258,"column":68}},"type":"binary-expr","locations":[{"start":{"line":258,"column":24},"end":{"line":258,"column":63}},{"start":{"line":258,"column":67},"end":{"line":258,"column":68}}]},"20":{"loc":{"start":{"line":258,"column":24},"end":{"line":258,"column":63}},"type":"cond-expr","locations":[{"start":{"line":258,"column":50},"end":{"line":258,"column":52}},{"start":{"line":258,"column":50},"end":{"line":258,"column":63}}]},"21":{"loc":{"start":{"line":258,"column":24},"end":{"line":258,"column":52}},"type":"binary-expr","locations":[{"start":{"line":258,"column":24},"end":{"line":258,"column":52}},{"start":{"line":258,"column":50},"end":{"line":258,"column":52}}]},"22":{"loc":{"start":{"line":265,"column":4},"end":{"line":274,"column":5}},"type":"if","locations":[{"start":{"line":265,"column":4},"end":{"line":274,"column":5}},{"start":{},"end":{}}]},"23":{"loc":{"start":{"line":265,"column":8},"end":{"line":265,"column":63}},"type":"binary-expr","locations":[{"start":{"line":265,"column":8},"end":{"line":265,"column":32}},{"start":{"line":265,"column":36},"end":{"line":265,"column":63}}]},"24":{"loc":{"start":{"line":268,"column":24},"end":{"line":268,"column":67}},"type":"binary-expr","locations":[{"start":{"line":268,"column":24},"end":{"line":268,"column":62}},{"start":{"line":268,"column":66},"end":{"line":268,"column":67}}]},"25":{"loc":{"start":{"line":268,"column":24},"end":{"line":268,"column":62}},"type":"cond-expr","locations":[{"start":{"line":268,"column":48},"end":{"line":268,"column":50}},{"start":{"line":268,"column":48},"end":{"line":268,"column":62}}]},"26":{"loc":{"start":{"line":268,"column":24},"end":{"line":268,"column":50}},"type":"binary-expr","locations":[{"start":{"line":268,"column":24},"end":{"line":268,"column":50}},{"start":{"line":268,"column":48},"end":{"line":268,"column":50}}]},"27":{"loc":{"start":{"line":287,"column":4},"end":{"line":294,"column":5}},"type":"if","locations":[{"start":{"line":287,"column":4},"end":{"line":294,"column":5}},{"start":{},"end":{}}]},"28":{"loc":{"start":{"line":287,"column":8},"end":{"line":287,"column":53}},"type":"binary-expr","locations":[{"start":{"line":287,"column":8},"end":{"line":287,"column":16}},{"start":{"line":287,"column":20},"end":{"line":287,"column":37}},{"start":{"line":287,"column":41},"end":{"line":287,"column":53}}]},"29":{"loc":{"start":{"line":288,"column":6},"end":{"line":290,"column":7}},"type":"if","locations":[{"start":{"line":288,"column":6},"end":{"line":290,"column":7}},{"start":{},"end":{}}]},"30":{"loc":{"start":{"line":300,"column":6},"end":{"line":300,"column":35}},"type":"if","locations":[{"start":{"line":300,"column":6},"end":{"line":300,"column":35}},{"start":{},"end":{}}]},"31":{"loc":{"start":{"line":312,"column":6},"end":{"line":333,"column":7}},"type":"if","locations":[{"start":{"line":312,"column":6},"end":{"line":333,"column":7}},{"start":{},"end":{}}]},"32":{"loc":{"start":{"line":313,"column":8},"end":{"line":315,"column":34}},"type":"binary-expr","locations":[{"start":{"line":313,"column":8},"end":{"line":313,"column":20}},{"start":{"line":314,"column":8},"end":{"line":314,"column":34}},{"start":{"line":315,"column":8},"end":{"line":315,"column":34}}]},"33":{"loc":{"start":{"line":335,"column":6},"end":{"line":356,"column":7}},"type":"if","locations":[{"start":{"line":335,"column":6},"end":{"line":356,"column":7}},{"start":{},"end":{}}]},"34":{"loc":{"start":{"line":336,"column":8},"end":{"line":338,"column":32}},"type":"binary-expr","locations":[{"start":{"line":336,"column":8},"end":{"line":336,"column":20}},{"start":{"line":337,"column":8},"end":{"line":337,"column":32}},{"start":{"line":338,"column":8},"end":{"line":338,"column":32}}]},"35":{"loc":{"start":{"line":364,"column":6},"end":{"line":364,"column":51}},"type":"if","locations":[{"start":{"line":364,"column":6},"end":{"line":364,"column":51}},{"start":{},"end":{}}]},"36":{"loc":{"start":{"line":364,"column":10},"end":{"line":364,"column":42}},"type":"binary-expr","locations":[{"start":{"line":364,"column":10},"end":{"line":364,"column":26}},{"start":{"line":364,"column":30},"end":{"line":364,"column":42}}]},"37":{"loc":{"start":{"line":374,"column":25},"end":{"line":374,"column":51}},"type":"binary-expr","locations":[{"start":{"line":374,"column":25},"end":{"line":374,"column":45}},{"start":{"line":374,"column":49},"end":{"line":374,"column":51}}]},"38":{"loc":{"start":{"line":376,"column":6},"end":{"line":420,"column":7}},"type":"switch","locations":[{"start":{"line":377,"column":8},"end":{"line":380,"column":16}},{"start":{"line":381,"column":8},"end":{"line":387,"column":16}},{"start":{"line":388,"column":8},"end":{"line":391,"column":16}},{"start":{"line":392,"column":8},"end":{"line":398,"column":16}},{"start":{"line":399,"column":8},"end":{"line":402,"column":16}},{"start":{"line":403,"column":8},"end":{"line":406,"column":16}},{"start":{"line":407,"column":8},"end":{"line":410,"column":16}},{"start":{"line":411,"column":8},"end":{"line":417,"column":16}},{"start":{"line":418,"column":8},"end":{"line":419,"column":17}}]},"39":{"loc":{"start":{"line":435,"column":4},"end":{"line":437,"column":5}},"type":"if","locations":[{"start":{"line":435,"column":4},"end":{"line":437,"column":5}},{"start":{},"end":{}}]},"40":{"loc":{"start":{"line":439,"column":4},"end":{"line":441,"column":5}},"type":"if","locations":[{"start":{"line":439,"column":4},"end":{"line":441,"column":5}},{"start":{},"end":{}}]},"41":{"loc":{"start":{"line":444,"column":4},"end":{"line":446,"column":5}},"type":"if","locations":[{"start":{"line":444,"column":4},"end":{"line":446,"column":5}},{"start":{},"end":{}}]},"42":{"loc":{"start":{"line":444,"column":8},"end":{"line":444,"column":43}},"type":"binary-expr","locations":[{"start":{"line":444,"column":8},"end":{"line":444,"column":19}},{"start":{"line":444,"column":23},"end":{"line":444,"column":43}}]},"43":{"loc":{"start":{"line":450,"column":6},"end":{"line":452,"column":7}},"type":"if","locations":[{"start":{"line":450,"column":6},"end":{"line":452,"column":7}},{"start":{},"end":{}}]},"44":{"loc":{"start":{"line":454,"column":6},"end":{"line":456,"column":7}},"type":"if","locations":[{"start":{"line":454,"column":6},"end":{"line":456,"column":7}},{"start":{},"end":{}}]},"45":{"loc":{"start":{"line":468,"column":8},"end":{"line":478,"column":6}},"type":"binary-expr","locations":[{"start":{"line":468,"column":8},"end":{"line":468,"column":18}},{"start":{"line":468,"column":22},"end":{"line":478,"column":6}}]},"46":{"loc":{"start":{"line":471,"column":8},"end":{"line":473,"column":25}},"type":"cond-expr","locations":[{"start":{"line":472,"column":12},"end":{"line":472,"column":32}},{"start":{"line":473,"column":12},"end":{"line":473,"column":25}}]},"47":{"loc":{"start":{"line":475,"column":8},"end":{"line":477,"column":25}},"type":"cond-expr","locations":[{"start":{"line":476,"column":12},"end":{"line":476,"column":32}},{"start":{"line":477,"column":12},"end":{"line":477,"column":25}}]},"48":{"loc":{"start":{"line":483,"column":4},"end":{"line":489,"column":9}},"type":"cond-expr","locations":[{"start":{"line":484,"column":8},"end":{"line":488,"column":10}},{"start":{"line":489,"column":8},"end":{"line":489,"column":9}}]},"49":{"loc":{"start":{"line":483,"column":4},"end":{"line":483,"column":52}},"type":"binary-expr","locations":[{"start":{"line":483,"column":4},"end":{"line":483,"column":22}},{"start":{"line":483,"column":26},"end":{"line":483,"column":52}}]},"50":{"loc":{"start":{"line":485,"column":24},"end":{"line":485,"column":41}},"type":"binary-expr","locations":[{"start":{"line":485,"column":24},"end":{"line":485,"column":36}},{"start":{"line":485,"column":40},"end":{"line":485,"column":41}}]},"51":{"loc":{"start":{"line":492,"column":4},"end":{"line":499,"column":9}},"type":"cond-expr","locations":[{"start":{"line":493,"column":8},"end":{"line":498,"column":10}},{"start":{"line":499,"column":8},"end":{"line":499,"column":9}}]},"52":{"loc":{"start":{"line":492,"column":4},"end":{"line":492,"column":46}},"type":"binary-expr","locations":[{"start":{"line":492,"column":4},"end":{"line":492,"column":22}},{"start":{"line":492,"column":26},"end":{"line":492,"column":46}}]},"53":{"loc":{"start":{"line":502,"column":4},"end":{"line":508,"column":9}},"type":"cond-expr","locations":[{"start":{"line":503,"column":8},"end":{"line":507,"column":10}},{"start":{"line":508,"column":8},"end":{"line":508,"column":9}}]},"54":{"loc":{"start":{"line":502,"column":4},"end":{"line":502,"column":48}},"type":"binary-expr","locations":[{"start":{"line":502,"column":4},"end":{"line":502,"column":20}},{"start":{"line":502,"column":24},"end":{"line":502,"column":48}}]},"55":{"loc":{"start":{"line":504,"column":24},"end":{"line":504,"column":41}},"type":"binary-expr","locations":[{"start":{"line":504,"column":24},"end":{"line":504,"column":36}},{"start":{"line":504,"column":40},"end":{"line":504,"column":41}}]},"56":{"loc":{"start":{"line":511,"column":4},"end":{"line":518,"column":9}},"type":"cond-expr","locations":[{"start":{"line":512,"column":8},"end":{"line":517,"column":10}},{"start":{"line":518,"column":8},"end":{"line":518,"column":9}}]},"57":{"loc":{"start":{"line":511,"column":4},"end":{"line":511,"column":43}},"type":"binary-expr","locations":[{"start":{"line":511,"column":4},"end":{"line":511,"column":20}},{"start":{"line":511,"column":24},"end":{"line":511,"column":43}}]},"58":{"loc":{"start":{"line":521,"column":26},"end":{"line":521,"column":53}},"type":"cond-expr","locations":[{"start":{"line":521,"column":39},"end":{"line":521,"column":41}},{"start":{"line":521,"column":44},"end":{"line":521,"column":53}}]},"59":{"loc":{"start":{"line":522,"column":37},"end":{"line":524,"column":26}},"type":"cond-expr","locations":[{"start":{"line":523,"column":6},"end":{"line":523,"column":8}},{"start":{"line":524,"column":6},"end":{"line":524,"column":26}}]},"60":{"loc":{"start":{"line":525,"column":35},"end":{"line":527,"column":24}},"type":"cond-expr","locations":[{"start":{"line":526,"column":6},"end":{"line":526,"column":8}},{"start":{"line":527,"column":6},"end":{"line":527,"column":24}}]},"61":{"loc":{"start":{"line":528,"column":37},"end":{"line":530,"column":26}},"type":"cond-expr","locations":[{"start":{"line":529,"column":6},"end":{"line":529,"column":8}},{"start":{"line":530,"column":6},"end":{"line":530,"column":26}}]},"62":{"loc":{"start":{"line":531,"column":35},"end":{"line":533,"column":24}},"type":"cond-expr","locations":[{"start":{"line":532,"column":6},"end":{"line":532,"column":8}},{"start":{"line":533,"column":6},"end":{"line":533,"column":24}}]},"63":{"loc":{"start":{"line":536,"column":31},"end":{"line":541,"column":8}},"type":"cond-expr","locations":[{"start":{"line":537,"column":6},"end":{"line":537,"column":20}},{"start":{"line":538,"column":6},"end":{"line":541,"column":8}}]},"64":{"loc":{"start":{"line":539,"column":17},"end":{"line":539,"column":35}},"type":"cond-expr","locations":[{"start":{"line":539,"column":30},"end":{"line":539,"column":31}},{"start":{"line":539,"column":34},"end":{"line":539,"column":35}}]},"65":{"loc":{"start":{"line":543,"column":41},"end":{"line":545,"column":25}},"type":"cond-expr","locations":[{"start":{"line":544,"column":6},"end":{"line":544,"column":26}},{"start":{"line":545,"column":6},"end":{"line":545,"column":25}}]},"66":{"loc":{"start":{"line":546,"column":39},"end":{"line":548,"column":25}},"type":"cond-expr","locations":[{"start":{"line":547,"column":6},"end":{"line":547,"column":26}},{"start":{"line":548,"column":6},"end":{"line":548,"column":25}}]},"67":{"loc":{"start":{"line":554,"column":43},"end":{"line":554,"column":58}},"type":"binary-expr","locations":[{"start":{"line":554,"column":43},"end":{"line":554,"column":52}},{"start":{"line":554,"column":56},"end":{"line":554,"column":58}}]},"68":{"loc":{"start":{"line":557,"column":16},"end":{"line":557,"column":36}},"type":"cond-expr","locations":[{"start":{"line":557,"column":30},"end":{"line":557,"column":31}},{"start":{"line":557,"column":34},"end":{"line":557,"column":36}}]},"69":{"loc":{"start":{"line":558,"column":12},"end":{"line":558,"column":46}},"type":"cond-expr","locations":[{"start":{"line":558,"column":26},"end":{"line":558,"column":34}},{"start":{"line":558,"column":37},"end":{"line":558,"column":46}}]},"70":{"loc":{"start":{"line":559,"column":18},"end":{"line":559,"column":53}},"type":"cond-expr","locations":[{"start":{"line":559,"column":32},"end":{"line":559,"column":41}},{"start":{"line":559,"column":44},"end":{"line":559,"column":53}}]},"71":{"loc":{"start":{"line":562,"column":7},"end":{"line":577,"column":null}},"type":"cond-expr","locations":[{"start":{"line":563,"column":8},"end":{"line":568,"column":10}},{"start":{"line":570,"column":8},"end":{"line":576,"column":null}}]},"72":{"loc":{"start":{"line":581,"column":7},"end":{"line":633,"column":null}},"type":"cond-expr","locations":[{"start":{"line":582,"column":8},"end":{"line":592,"column":10}},{"start":{"line":594,"column":8},"end":{"line":632,"column":null}}]},"73":{"loc":{"start":{"line":604,"column":16},"end":{"line":604,"column":53}},"type":"cond-expr","locations":[{"start":{"line":604,"column":30},"end":{"line":604,"column":41}},{"start":{"line":604,"column":44},"end":{"line":604,"column":53}}]},"74":{"loc":{"start":{"line":605,"column":28},"end":{"line":605,"column":66}},"type":"cond-expr","locations":[{"start":{"line":605,"column":42},"end":{"line":605,"column":54}},{"start":{"line":605,"column":57},"end":{"line":605,"column":66}}]},"75":{"loc":{"start":{"line":612,"column":11},"end":{"line":631,"column":null}},"type":"cond-expr","locations":[{"start":{"line":613,"column":12},"end":{"line":621,"column":14}},{"start":{"line":623,"column":12},"end":{"line":630,"column":null}}]},"76":{"loc":{"start":{"line":637,"column":7},"end":{"line":689,"column":null}},"type":"cond-expr","locations":[{"start":{"line":638,"column":8},"end":{"line":648,"column":10}},{"start":{"line":650,"column":8},"end":{"line":688,"column":null}}]},"77":{"loc":{"start":{"line":660,"column":16},"end":{"line":660,"column":53}},"type":"cond-expr","locations":[{"start":{"line":660,"column":30},"end":{"line":660,"column":41}},{"start":{"line":660,"column":44},"end":{"line":660,"column":53}}]},"78":{"loc":{"start":{"line":661,"column":28},"end":{"line":661,"column":64}},"type":"cond-expr","locations":[{"start":{"line":661,"column":42},"end":{"line":661,"column":52}},{"start":{"line":661,"column":55},"end":{"line":661,"column":64}}]},"79":{"loc":{"start":{"line":668,"column":11},"end":{"line":687,"column":null}},"type":"cond-expr","locations":[{"start":{"line":669,"column":12},"end":{"line":677,"column":14}},{"start":{"line":679,"column":12},"end":{"line":686,"column":null}}]}},"s":{"0":1,"1":1,"2":1,"3":1,"4":1,"5":1,"6":1,"7":1,"8":1,"9":1,"10":16,"11":16,"12":16,"13":16,"14":16,"15":16,"16":16,"17":16,"18":16,"19":16,"20":16,"21":16,"22":16,"23":16,"24":16,"25":16,"26":16,"27":16,"28":16,"29":16,"30":16,"31":16,"32":16,"33":16,"34":16,"35":16,"36":16,"37":16,"38":16,"39":16,"40":16,"41":16,"42":16,"43":16,"44":16,"45":16,"46":16,"47":16,"48":16,"49":16,"50":16,"51":16,"52":16,"53":16,"54":16,"55":16,"56":16,"57":16,"58":16,"59":16,"60":16,"61":16,"62":16,"63":16,"64":16,"65":16,"66":8,"67":0,"68":8,"69":8,"70":8,"71":0,"72":16,"73":2,"74":0,"75":2,"76":2,"77":2,"78":1,"79":2,"80":2,"81":2,"82":2,"83":1,"84":2,"85":0,"86":2,"87":0,"88":2,"89":0,"90":0,"91":0,"92":0,"93":16,"94":0,"95":0,"96":16,"97":0,"98":0,"99":0,"100":0,"101":0,"102":0,"103":16,"104":0,"105":0,"106":0,"107":0,"108":0,"109":0,"110":0,"111":0,"112":0,"113":0,"114":0,"115":0,"116":0,"117":16,"118":0,"119":0,"120":0,"121":0,"122":0,"123":0,"124":0,"125":0,"126":0,"127":0,"128":0,"129":0,"130":0,"131":0,"132":0,"133":0,"134":0,"135":0,"136":0,"137":0,"138":0,"139":0,"140":0,"141":0,"142":0,"143":0,"144":0,"145":16,"146":0,"147":0,"148":0,"149":0,"150":0,"151":0,"152":0,"153":0,"154":0,"155":0,"156":16,"157":0,"158":0,"159":0,"160":0,"161":0,"162":0,"163":0,"164":0,"165":0,"166":0,"167":0,"168":0,"169":0,"170":0,"171":0,"172":0,"173":0,"174":0,"175":0,"176":0,"177":0,"178":0,"179":0,"180":0,"181":0,"182":0,"183":0,"184":0,"185":16,"186":0,"187":0,"188":0,"189":0,"190":0,"191":0,"192":0,"193":0,"194":0,"195":0,"196":0,"197":0,"198":0,"199":0,"200":0,"201":0,"202":0,"203":0,"204":0,"205":0,"206":0,"207":0,"208":0,"209":0,"210":0,"211":0,"212":0,"213":0,"214":0,"215":0,"216":0,"217":0,"218":0,"219":0,"220":0,"221":0,"222":16,"223":8,"224":8,"225":0,"226":8,"227":8,"228":8,"229":8,"230":8,"231":8,"232":8,"233":8,"234":4,"235":8,"236":0,"237":8,"238":8,"239":8,"240":16,"241":16,"242":16,"243":16,"244":16,"245":16,"246":16,"247":16,"248":16,"249":16,"250":16,"251":16,"252":16,"253":16,"254":0,"255":0,"256":0,"257":0,"258":0,"259":0,"260":0,"261":0,"262":1},"f":{"0":16,"1":8,"2":2,"3":0,"4":0,"5":0,"6":0,"7":0,"8":0,"9":0,"10":0,"11":0,"12":0,"13":8,"14":0,"15":8,"16":0,"17":0,"18":0,"19":0,"20":0,"21":0,"22":0,"23":0},"b":{"0":[16,0],"1":[16,0],"2":[0,8],"3":[0,8],"4":[0,2],"5":[1,1],"6":[2,0],"7":[1,1],"8":[0,2],"9":[0,2],"10":[0,0],"11":[0,0],"12":[0,0,0],"13":[0,0],"14":[0,0],"15":[0,0],"16":[0,0],"17":[0,0],"18":[0,0],"19":[0,0],"20":[0,0],"21":[0,0],"22":[0,0],"23":[0,0],"24":[0,0],"25":[0,0],"26":[0,0],"27":[0,0],"28":[0,0,0],"29":[0,0],"30":[0,0],"31":[0,0],"32":[0,0,0],"33":[0,0],"34":[0,0,0],"35":[0,0],"36":[0,0],"37":[0,0],"38":[0,0,0,0,0,0,0,0,0],"39":[8,0],"40":[8,0],"41":[8,0],"42":[8,8],"43":[4,4],"44":[0,8],"45":[16,2],"46":[2,0],"47":[2,0],"48":[0,16],"49":[16,0],"50":[0,0],"51":[0,16],"52":[16,0],"53":[0,16],"54":[16,0],"55":[0,0],"56":[0,16],"57":[16,0],"58":[0,16],"59":[0,16],"60":[2,14],"61":[0,16],"62":[0,16],"63":[2,14],"64":[14,0],"65":[16,0],"66":[16,0],"67":[16,14],"68":[16,0],"69":[16,0],"70":[16,0],"71":[0,16],"72":[0,16],"73":[16,0],"74":[16,0],"75":[0,16],"76":[2,14],"77":[14,0],"78":[14,0],"79":[0,14]}}
}
