TN:
SF:src\polyfills.ts
FN:7,setupResizeObserverPolyfill
FN:11,(anonymous_10)
FN:12,(anonymous_11)
FN:15,(anonymous_12)
FN:22,(anonymous_13)
FN:27,(anonymous_14)
FN:34,(anonymous_15)
FN:37,(anonymous_16)
FN:50,setupPolyfills
FNF:9
FNH:0
FNDA:0,setupResizeObserverPolyfill
FNDA:0,(anonymous_10)
FNDA:0,(anonymous_11)
FNDA:0,(anonymous_12)
FNDA:0,(anonymous_13)
FNDA:0,(anonymous_14)
FNDA:0,(anonymous_15)
FNDA:0,(anonymous_16)
FNDA:0,setupPolyfills
DA:7,0
DA:8,0
DA:11,0
DA:13,0
DA:16,0
DA:22,0
DA:23,0
DA:25,0
DA:26,0
DA:28,0
DA:29,0
DA:34,0
DA:35,0
DA:41,0
DA:44,0
DA:50,0
DA:51,0
DA:54,0
LF:18
LH:0
BRDA:8,0,0,0
BRDA:8,0,1,0
BRDA:8,1,0,0
BRDA:8,1,1,0
BRF:4
BRH:0
end_of_record
TN:
SF:src\utils.ts
FN:4,getScrollValues
FN:29,isDOMElement
FN:41,(anonymous_2)
FN:46,(anonymous_3)
FN:55,(anonymous_4)
FN:60,(anonymous_5)
FN:73,getThumbSize
FN:90,getThumbPosition
FNF:8
FNH:4
FNDA:12,getScrollValues
FNDA:5,isDOMElement
FNDA:0,(anonymous_2)
FNDA:0,(anonymous_3)
FNDA:0,(anonymous_4)
FNDA:0,(anonymous_5)
FNDA:2,getThumbSize
FNDA:2,getThumbPosition
DA:4,2
DA:12,72
DA:14,12
DA:29,2
DA:30,5
DA:31,4
DA:41,2
DA:42,0
DA:44,0
DA:45,0
DA:47,0
DA:48,0
DA:53,0
DA:58,0
DA:64,0
DA:67,0
DA:73,2
DA:74,2
DA:75,2
DA:76,2
DA:82,2
DA:83,2
DA:84,2
DA:90,2
DA:91,2
DA:92,2
DA:93,2
DA:94,2
DA:101,2
DA:104,2
DA:105,1
DA:108,1
DA:109,1
DA:110,1
LF:34
LH:25
BRDA:15,0,0,12
BRDA:15,0,1,11
BRDA:16,1,0,12
BRDA:16,1,1,11
BRDA:30,2,0,1
BRDA:30,2,1,4
BRDA:32,3,0,4
BRDA:32,3,1,2
BRDA:32,3,2,1
BRDA:67,4,0,0
BRDA:67,4,1,0
BRDA:104,5,0,1
BRDA:104,5,1,1
BRF:13
BRH:11
end_of_record
TN:
SF:src\components\Scrollbar.tsx
FN:79,(anonymous_11)
FN:151,(anonymous_12)
FN:163,(anonymous_13)
FN:192,(anonymous_14)
FN:202,(anonymous_15)
FN:207,(anonymous_16)
FN:213,(anonymous_17)
FN:221,(anonymous_18)
FN:246,(anonymous_19)
FN:277,(anonymous_20)
FN:291,(anonymous_21)
FN:299,(anonymous_22)
FN:363,(anonymous_23)
FN:426,(anonymous_24)
FN:431,(anonymous_25)
FN:449,(anonymous_26)
FN:591,(anonymous_27)
FN:603,(anonymous_28)
FN:620,(anonymous_29)
FN:630,(anonymous_30)
FN:647,(anonymous_31)
FN:659,(anonymous_32)
FN:676,(anonymous_33)
FN:686,(anonymous_34)
FNF:24
FNH:5
FNDA:16,(anonymous_11)
FNDA:8,(anonymous_12)
FNDA:2,(anonymous_13)
FNDA:0,(anonymous_14)
FNDA:0,(anonymous_15)
FNDA:0,(anonymous_16)
FNDA:0,(anonymous_17)
FNDA:0,(anonymous_18)
FNDA:0,(anonymous_19)
FNDA:0,(anonymous_20)
FNDA:0,(anonymous_21)
FNDA:0,(anonymous_22)
FNDA:0,(anonymous_23)
FNDA:8,(anonymous_24)
FNDA:0,(anonymous_25)
FNDA:8,(anonymous_26)
FNDA:0,(anonymous_27)
FNDA:0,(anonymous_28)
FNDA:0,(anonymous_29)
FNDA:0,(anonymous_30)
FNDA:0,(anonymous_31)
FNDA:0,(anonymous_32)
FNDA:0,(anonymous_33)
FNDA:0,(anonymous_34)
DA:1,1
DA:3,1
DA:12,1
DA:19,1
DA:29,1
DA:38,1
DA:47,1
DA:55,1
DA:64,1
DA:79,1
DA:81,16
DA:82,16
DA:83,16
DA:84,16
DA:85,16
DA:86,16
DA:87,16
DA:88,16
DA:89,16
DA:90,16
DA:91,16
DA:92,16
DA:93,16
DA:94,16
DA:95,16
DA:96,16
DA:97,16
DA:98,16
DA:99,16
DA:100,16
DA:101,16
DA:102,16
DA:103,16
DA:104,16
DA:105,16
DA:106,16
DA:110,16
DA:120,16
DA:121,16
DA:122,16
DA:123,16
DA:126,16
DA:127,16
DA:128,16
DA:129,16
DA:130,16
DA:131,16
DA:132,16
DA:133,16
DA:134,16
DA:135,16
DA:144,16
DA:146,16
DA:147,16
DA:148,16
DA:151,16
DA:152,8
DA:154,8
DA:155,8
DA:157,8
DA:158,0
DA:163,16
DA:164,2
DA:166,2
DA:167,2
DA:169,2
DA:170,1
DA:174,2
DA:175,2
DA:176,2
DA:177,2
DA:178,1
DA:183,2
DA:184,0
DA:188,2
DA:189,0
DA:192,2
DA:193,0
DA:194,0
DA:195,0
DA:196,0
DA:202,16
DA:203,0
DA:204,0
DA:207,16
DA:208,0
DA:209,0
DA:210,0
DA:211,0
DA:213,0
DA:214,0
DA:220,16
DA:222,0
DA:223,0
DA:225,0
DA:227,0
DA:228,0
DA:230,0
DA:231,0
DA:239,0
DA:240,0
DA:241,0
DA:246,16
DA:247,0
DA:249,0
DA:250,0
DA:251,0
DA:252,0
DA:255,0
DA:256,0
DA:257,0
DA:258,0
DA:259,0
DA:260,0
DA:262,0
DA:265,0
DA:266,0
DA:267,0
DA:268,0
DA:270,0
DA:271,0
DA:273,0
DA:277,16
DA:278,0
DA:279,0
DA:282,0
DA:283,0
DA:284,0
DA:287,0
DA:288,0
DA:289,0
DA:291,0
DA:292,0
DA:298,16
DA:300,0
DA:302,0
DA:304,0
DA:305,0
DA:306,0
DA:307,0
DA:308,0
DA:309,0
DA:310,0
DA:312,0
DA:317,0
DA:318,0
DA:319,0
DA:320,0
DA:322,0
DA:323,0
DA:331,0
DA:332,0
DA:335,0
DA:340,0
DA:341,0
DA:342,0
DA:343,0
DA:345,0
DA:346,0
DA:354,0
DA:355,0
DA:362,16
DA:364,0
DA:367,0
DA:368,0
DA:369,0
DA:370,0
DA:371,0
DA:372,0
DA:373,0
DA:374,0
DA:376,0
DA:378,0
DA:379,0
DA:380,0
DA:382,0
DA:383,0
DA:387,0
DA:389,0
DA:390,0
DA:391,0
DA:393,0
DA:394,0
DA:398,0
DA:400,0
DA:401,0
DA:402,0
DA:404,0
DA:405,0
DA:406,0
DA:408,0
DA:409,0
DA:410,0
DA:412,0
DA:413,0
DA:417,0
DA:419,0
DA:426,16
DA:428,8
DA:431,8
DA:432,0
DA:435,8
DA:436,8
DA:439,8
DA:440,8
DA:444,8
DA:445,8
DA:449,8
DA:450,8
DA:451,4
DA:454,8
DA:455,0
DA:458,8
DA:460,8
DA:461,8
DA:466,16
DA:483,16
DA:492,16
DA:502,16
DA:511,16
DA:521,16
DA:522,16
DA:525,16
DA:528,16
DA:531,16
DA:536,16
DA:543,16
DA:546,16
DA:551,16
DA:591,0
DA:603,0
DA:620,0
DA:630,0
DA:647,0
DA:659,0
DA:676,0
DA:686,0
DA:695,1
LF:238
LH:112
BRDA:147,0,0,16
BRDA:147,0,1,0
BRDA:148,1,0,16
BRDA:148,1,1,0
BRDA:152,2,0,0
BRDA:152,2,1,8
BRDA:157,3,0,0
BRDA:157,3,1,8
BRDA:164,4,0,0
BRDA:164,4,1,2
BRDA:169,5,0,1
BRDA:169,5,1,1
BRDA:174,6,0,2
BRDA:174,6,1,0
BRDA:177,7,0,1
BRDA:177,7,1,1
BRDA:183,8,0,0
BRDA:183,8,1,2
BRDA:188,9,0,0
BRDA:188,9,1,2
BRDA:195,10,0,0
BRDA:195,10,1,0
BRDA:209,11,0,0
BRDA:209,11,1,0
BRDA:209,12,0,0
BRDA:209,12,1,0
BRDA:209,12,2,0
BRDA:210,13,0,0
BRDA:210,13,1,0
BRDA:225,14,0,0
BRDA:225,14,1,0
BRDA:247,15,0,0
BRDA:247,15,1,0
BRDA:247,16,0,0
BRDA:247,16,1,0
BRDA:255,17,0,0
BRDA:255,17,1,0
BRDA:255,18,0,0
BRDA:255,18,1,0
BRDA:258,19,0,0
BRDA:258,19,1,0
BRDA:258,20,0,0
BRDA:258,20,1,0
BRDA:258,21,0,0
BRDA:258,21,1,0
BRDA:265,22,0,0
BRDA:265,22,1,0
BRDA:265,23,0,0
BRDA:265,23,1,0
BRDA:268,24,0,0
BRDA:268,24,1,0
BRDA:268,25,0,0
BRDA:268,25,1,0
BRDA:268,26,0,0
BRDA:268,26,1,0
BRDA:287,27,0,0
BRDA:287,27,1,0
BRDA:287,28,0,0
BRDA:287,28,1,0
BRDA:287,28,2,0
BRDA:288,29,0,0
BRDA:288,29,1,0
BRDA:300,30,0,0
BRDA:300,30,1,0
BRDA:312,31,0,0
BRDA:312,31,1,0
BRDA:313,32,0,0
BRDA:313,32,1,0
BRDA:313,32,2,0
BRDA:335,33,0,0
BRDA:335,33,1,0
BRDA:336,34,0,0
BRDA:336,34,1,0
BRDA:336,34,2,0
BRDA:364,35,0,0
BRDA:364,35,1,0
BRDA:364,36,0,0
BRDA:364,36,1,0
BRDA:374,37,0,0
BRDA:374,37,1,0
BRDA:376,38,0,0
BRDA:376,38,1,0
BRDA:376,38,2,0
BRDA:376,38,3,0
BRDA:376,38,4,0
BRDA:376,38,5,0
BRDA:376,38,6,0
BRDA:376,38,7,0
BRDA:376,38,8,0
BRDA:435,39,0,8
BRDA:435,39,1,0
BRDA:439,40,0,8
BRDA:439,40,1,0
BRDA:444,41,0,8
BRDA:444,41,1,0
BRDA:444,42,0,8
BRDA:444,42,1,8
BRDA:450,43,0,4
BRDA:450,43,1,4
BRDA:454,44,0,0
BRDA:454,44,1,8
BRDA:468,45,0,16
BRDA:468,45,1,2
BRDA:471,46,0,2
BRDA:471,46,1,0
BRDA:475,47,0,2
BRDA:475,47,1,0
BRDA:483,48,0,0
BRDA:483,48,1,16
BRDA:483,49,0,16
BRDA:483,49,1,0
BRDA:485,50,0,0
BRDA:485,50,1,0
BRDA:492,51,0,0
BRDA:492,51,1,16
BRDA:492,52,0,16
BRDA:492,52,1,0
BRDA:502,53,0,0
BRDA:502,53,1,16
BRDA:502,54,0,16
BRDA:502,54,1,0
BRDA:504,55,0,0
BRDA:504,55,1,0
BRDA:511,56,0,0
BRDA:511,56,1,16
BRDA:511,57,0,16
BRDA:511,57,1,0
BRDA:521,58,0,0
BRDA:521,58,1,16
BRDA:522,59,0,0
BRDA:522,59,1,16
BRDA:525,60,0,2
BRDA:525,60,1,14
BRDA:528,61,0,0
BRDA:528,61,1,16
BRDA:531,62,0,0
BRDA:531,62,1,16
BRDA:536,63,0,2
BRDA:536,63,1,14
BRDA:539,64,0,14
BRDA:539,64,1,0
BRDA:543,65,0,16
BRDA:543,65,1,0
BRDA:546,66,0,16
BRDA:546,66,1,0
BRDA:554,67,0,16
BRDA:554,67,1,14
BRDA:557,68,0,16
BRDA:557,68,1,0
BRDA:558,69,0,16
BRDA:558,69,1,0
BRDA:559,70,0,16
BRDA:559,70,1,0
BRDA:562,71,0,0
BRDA:562,71,1,16
BRDA:581,72,0,0
BRDA:581,72,1,16
BRDA:604,73,0,16
BRDA:604,73,1,0
BRDA:605,74,0,16
BRDA:605,74,1,0
BRDA:612,75,0,0
BRDA:612,75,1,16
BRDA:637,76,0,2
BRDA:637,76,1,14
BRDA:660,77,0,14
BRDA:660,77,1,0
BRDA:661,78,0,14
BRDA:661,78,1,0
BRDA:668,79,0,0
BRDA:668,79,1,14
BRF:171
BRH:58
end_of_record
